# Домашнее задание к занятию «Индексы»

---

### Задание 1

Напишите запрос к учебной базе данных, который вернёт процентное отношение общего размера всех индексов к общему размеру всех таблиц.

#### Ответ на задание 1.

```SQL
mysql> select sum(data_length/1024) AS "Total table, Kb", sum(index_length/1024) AS "Total index, Kb", sum((data_length + index_length)/1024) AS TOTAL, sum(data_length/1024)/sum((data_length + index_length)/1024) * 100 AS "Tables %", sum(index_length/1024)/sum((data_length + index_length)/1024) * 100 AS "Index %" from information_schema.tables where table_schema='sakila';
+-----------------+-----------------+-----------+-------------+-------------+
| Total table, Kb | Total index, Kb | TOTAL     | Tables %    | Index %     |
+-----------------+-----------------+-----------+-------------+-------------+
|       4272.0000 |       2336.0000 | 6608.0000 | 64.64891041 | 35.35108959 |
+-----------------+-----------------+-----------+-------------+-------------+
1 row in set (0.00 sec)


```

### Задание 2

Выполните explain analyze следующего запроса:
```sql
select distinct concat(c.last_name, ' ', c.first_name), sum(p.amount) over (partition by c.customer_id, f.title)
from payment p, rental r, customer c, inventory i, film f
where date(p.payment_date) = '2005-07-30' and p.payment_date = r.rental_date and r.customer_id = c.customer_id and i.inventory_id = r.inventory_id
```
- перечислите узкие места;
- оптимизируйте запрос: внесите корректировки по использованию операторов, при необходимости добавьте индексы.

#### Ответ на задание 2.
Из минусов текущего запроса:
 * сильно громоздкий;
 * совсем не человекочитаемый. Излишне запутан;
 * использует в себе сущности, не имеющие прямого отношения к сути;
 * перегружен лишними конструкциями типа over partition by;
 * все это создает лишние join'ы, влияющие на итоговое время выполнения запроса;

Оптимизированный запрос:
```SQL
select distinct c.customer_id, concat(c.last_name, ' ', c.first_name) as cust_name, sum(p.amount) from customer c inner join payment p on c.customer_id=p.customer_id where date(p.payment_date)='2005-07-30' group by c.customer_id;
```
Запрос работает без созданного индекса payment_date. Обошелся базовым набором индексов.
Диагностика EXPLAIN ANALYZE это подтверждает.

#### Доработка задания

По совету преподавателя создал индекс:
```SQL
mysql> select index_name from information_schema.statistics where table_name='payment' limit 1 offset 4;
+-------------------+
| INDEX_NAME        |
+-------------------+
| user_payment_date |
+-------------------+
1 row in set (0.01 sec)
```

а также, добавил условие, задействующее обращение к индексу и получил хороший прирост в производительности (спасибо за совет :) ) :
```script

Без индекса: 
--------------------------------------------+
| -> Group aggregate: sum(p.amount)  (cost=7177.00 rows=599) (actual time=0.407..26.623 rows=391 loops=1)
    -> Nested loop inner join  (cost=5595.70 rows=15813) (actual time=0.342..26.323 rows=634 loops=1)
        -> Index scan on c using PRIMARY  (cost=61.15 rows=599) (actual time=0.104..0.361 rows=599 loops=1)
        -> Filter: (cast(p.payment_date as date) = '2005-07-30')  (cost=6.60 rows=26) (actual time=0.039..0.043 rows=1 loops=599)
            -> Index lookup on p using idx_fk_customer_id (customer_id=c.customer_id)  (cost=6.60 rows=26) (actual time=0.035..0.040 rows=27 loops=599)
 |
+----------------------------------------------------------------------------------------------------------------------------------------------------------------------------------------------------------------------------------------------------------------------------------------------------------------------------------------------------------------------------------------------------------------------------------------------------------------------------------------------------------------------------------------------------------------------------------------------------------------------+
1 row in set (0.03 sec)


С индексом:
| -> Table scan on <temporary>  (actual time=3.344..3.394 rows=391 loops=1)
    -> Aggregate using temporary table  (actual time=3.342..3.342 rows=391 loops=1)
        -> Nested loop inner join  (cost=507.46 rows=634) (actual time=0.054..2.646 rows=634 loops=1)
            -> Index range scan on p using user_payment_date over ('2005-07-30 00:00:00' <= payment_date < '2005-07-31 00:00:00'), with index condition: ((p.payment_date >= TIMESTAMP'2005-07-30 00:00:00') and (p.payment_date < <cache>(('2005-07-30' + interval 1 day))))  (cost=285.56 rows=634) (actual time=0.034..1.357 rows=634 loops=1)
            -> Single-row index lookup on c using PRIMARY (customer_id=p.customer_id)  (cost=0.25 rows=1) (actual time=0.002..0.002 rows=1 loops=634)
 |
+------------------------------------------------------------------------------------------------------------------------------------------------------------------------------------------------------------------------------------------------------------------------------------------------------------------------------------------------------------------------------------------------------------------------------------------------------------------------------------------------------------------------------------------------------------------------------------------------------------------------------------------------------------------------------------------------------------------------------------------------------------------------------+
1 row in set (0.00 sec)
```

---

## Дополнительные задания (со звёздочкой*)
Эти задания дополнительные, то есть не обязательные к выполнению, и никак не повлияют на получение вами зачёта по этому домашнему заданию. Вы можете их выполнить, если хотите глубже шире разобраться в материале.

### Задание 3*

Самостоятельно изучите, какие типы индексов используются в PostgreSQL. Перечислите те индексы, которые используются в PostgreSQL, а в MySQL — нет.

*Приведите ответ в свободной форме.*
